

Started GET "/home/index" for 127.0.0.1 at 2013-07-05 13:48:56 +0800

ActionController::RoutingError (No route matches [GET] "/home/index"):
  actionpack (4.0.0) lib/action_dispatch/middleware/debug_exceptions.rb:21:in `call'
  actionpack (4.0.0) lib/action_dispatch/middleware/show_exceptions.rb:30:in `call'
  railties (4.0.0) lib/rails/rack/logger.rb:38:in `call_app'
  railties (4.0.0) lib/rails/rack/logger.rb:21:in `block in call'
  activesupport (4.0.0) lib/active_support/tagged_logging.rb:67:in `block in tagged'
  activesupport (4.0.0) lib/active_support/tagged_logging.rb:25:in `tagged'
  activesupport (4.0.0) lib/active_support/tagged_logging.rb:67:in `tagged'
  railties (4.0.0) lib/rails/rack/logger.rb:21:in `call'
  actionpack (4.0.0) lib/action_dispatch/middleware/request_id.rb:21:in `call'
  rack (1.5.2) lib/rack/methodoverride.rb:21:in `call'
  rack (1.5.2) lib/rack/runtime.rb:17:in `call'
  activesupport (4.0.0) lib/active_support/cache/strategy/local_cache.rb:83:in `call'
  rack (1.5.2) lib/rack/lock.rb:17:in `call'
  actionpack (4.0.0) lib/action_dispatch/middleware/static.rb:64:in `call'
  railties (4.0.0) lib/rails/engine.rb:511:in `call'
  railties (4.0.0) lib/rails/application.rb:97:in `call'
  rack (1.5.2) lib/rack/lock.rb:17:in `call'
  rack (1.5.2) lib/rack/content_length.rb:14:in `call'
  rack (1.5.2) lib/rack/handler/webrick.rb:60:in `service'
  /Users/mac/.rvm/rubies/ruby-2.0.0-p247/lib/ruby/2.0.0/webrick/httpserver.rb:138:in `service'
  /Users/mac/.rvm/rubies/ruby-2.0.0-p247/lib/ruby/2.0.0/webrick/httpserver.rb:94:in `run'
  /Users/mac/.rvm/rubies/ruby-2.0.0-p247/lib/ruby/2.0.0/webrick/server.rb:295:in `block in start_thread'


  Rendered /Users/mac/.rvm/gems/ruby-2.0.0-p247/gems/actionpack-4.0.0/lib/action_dispatch/middleware/templates/rescues/_trace.erb (0.9ms)
  Rendered /Users/mac/.rvm/gems/ruby-2.0.0-p247/gems/actionpack-4.0.0/lib/action_dispatch/middleware/templates/routes/_table.html.erb (3.3ms)
  Rendered /Users/mac/.rvm/gems/ruby-2.0.0-p247/gems/actionpack-4.0.0/lib/action_dispatch/middleware/templates/rescues/routing_error.erb within rescues/layout (27.5ms)


Started GET "/home/index" for 127.0.0.1 at 2013-07-05 13:52:41 +0800

ArgumentError (missing :action):
  config/routes.rb:3:in `block in <top (required)>'
  config/routes.rb:1:in `<top (required)>'


  Rendered /Users/mac/.rvm/gems/ruby-2.0.0-p247/gems/actionpack-4.0.0/lib/action_dispatch/middleware/templates/rescues/_source.erb (0.7ms)
  Rendered /Users/mac/.rvm/gems/ruby-2.0.0-p247/gems/actionpack-4.0.0/lib/action_dispatch/middleware/templates/rescues/_trace.erb (0.8ms)
  Rendered /Users/mac/.rvm/gems/ruby-2.0.0-p247/gems/actionpack-4.0.0/lib/action_dispatch/middleware/templates/rescues/_request_and_response.erb (0.8ms)
  Rendered /Users/mac/.rvm/gems/ruby-2.0.0-p247/gems/actionpack-4.0.0/lib/action_dispatch/middleware/templates/rescues/diagnostics.erb within rescues/layout (20.2ms)


Started GET "/home/index" for 127.0.0.1 at 2013-07-05 13:53:24 +0800

ActionController::RoutingError (uninitialized constant HomeController):
  activesupport (4.0.0) lib/active_support/inflector/methods.rb:226:in `const_get'
  activesupport (4.0.0) lib/active_support/inflector/methods.rb:226:in `block in constantize'
  activesupport (4.0.0) lib/active_support/inflector/methods.rb:224:in `each'
  activesupport (4.0.0) lib/active_support/inflector/methods.rb:224:in `inject'
  activesupport (4.0.0) lib/active_support/inflector/methods.rb:224:in `constantize'
  actionpack (4.0.0) lib/action_dispatch/routing/route_set.rb:76:in `controller_reference'
  actionpack (4.0.0) lib/action_dispatch/routing/route_set.rb:66:in `controller'
  actionpack (4.0.0) lib/action_dispatch/routing/route_set.rb:44:in `call'
  actionpack (4.0.0) lib/action_dispatch/journey/router.rb:71:in `block in call'
  actionpack (4.0.0) lib/action_dispatch/journey/router.rb:59:in `each'
  actionpack (4.0.0) lib/action_dispatch/journey/router.rb:59:in `call'
  actionpack (4.0.0) lib/action_dispatch/routing/route_set.rb:655:in `call'
  rack (1.5.2) lib/rack/etag.rb:23:in `call'
  rack (1.5.2) lib/rack/conditionalget.rb:25:in `call'
  rack (1.5.2) lib/rack/head.rb:11:in `call'
  actionpack (4.0.0) lib/action_dispatch/middleware/params_parser.rb:27:in `call'
  actionpack (4.0.0) lib/action_dispatch/middleware/flash.rb:241:in `call'
  rack (1.5.2) lib/rack/session/abstract/id.rb:225:in `context'
  rack (1.5.2) lib/rack/session/abstract/id.rb:220:in `call'
  actionpack (4.0.0) lib/action_dispatch/middleware/cookies.rb:486:in `call'
  activerecord (4.0.0) lib/active_record/query_cache.rb:36:in `call'
  activerecord (4.0.0) lib/active_record/connection_adapters/abstract/connection_pool.rb:626:in `call'
  activerecord (4.0.0) lib/active_record/migration.rb:369:in `call'
  actionpack (4.0.0) lib/action_dispatch/middleware/callbacks.rb:29:in `block in call'
  activesupport (4.0.0) lib/active_support/callbacks.rb:373:in `_run__3745531448958378349__call__callbacks'
  activesupport (4.0.0) lib/active_support/callbacks.rb:80:in `run_callbacks'
  actionpack (4.0.0) lib/action_dispatch/middleware/callbacks.rb:27:in `call'
  actionpack (4.0.0) lib/action_dispatch/middleware/reloader.rb:64:in `call'
  actionpack (4.0.0) lib/action_dispatch/middleware/remote_ip.rb:76:in `call'
  actionpack (4.0.0) lib/action_dispatch/middleware/debug_exceptions.rb:17:in `call'
  actionpack (4.0.0) lib/action_dispatch/middleware/show_exceptions.rb:30:in `call'
  railties (4.0.0) lib/rails/rack/logger.rb:38:in `call_app'
  railties (4.0.0) lib/rails/rack/logger.rb:21:in `block in call'
  activesupport (4.0.0) lib/active_support/tagged_logging.rb:67:in `block in tagged'
  activesupport (4.0.0) lib/active_support/tagged_logging.rb:25:in `tagged'
  activesupport (4.0.0) lib/active_support/tagged_logging.rb:67:in `tagged'
  railties (4.0.0) lib/rails/rack/logger.rb:21:in `call'
  actionpack (4.0.0) lib/action_dispatch/middleware/request_id.rb:21:in `call'
  rack (1.5.2) lib/rack/methodoverride.rb:21:in `call'
  rack (1.5.2) lib/rack/runtime.rb:17:in `call'
  activesupport (4.0.0) lib/active_support/cache/strategy/local_cache.rb:83:in `call'
  rack (1.5.2) lib/rack/lock.rb:17:in `call'
  actionpack (4.0.0) lib/action_dispatch/middleware/static.rb:64:in `call'
  railties (4.0.0) lib/rails/engine.rb:511:in `call'
  railties (4.0.0) lib/rails/application.rb:97:in `call'
  rack (1.5.2) lib/rack/lock.rb:17:in `call'
  rack (1.5.2) lib/rack/content_length.rb:14:in `call'
  rack (1.5.2) lib/rack/handler/webrick.rb:60:in `service'
  /Users/mac/.rvm/rubies/ruby-2.0.0-p247/lib/ruby/2.0.0/webrick/httpserver.rb:138:in `service'
  /Users/mac/.rvm/rubies/ruby-2.0.0-p247/lib/ruby/2.0.0/webrick/httpserver.rb:94:in `run'
  /Users/mac/.rvm/rubies/ruby-2.0.0-p247/lib/ruby/2.0.0/webrick/server.rb:295:in `block in start_thread'


  Rendered /Users/mac/.rvm/gems/ruby-2.0.0-p247/gems/actionpack-4.0.0/lib/action_dispatch/middleware/templates/rescues/_trace.erb (0.9ms)
  Rendered /Users/mac/.rvm/gems/ruby-2.0.0-p247/gems/actionpack-4.0.0/lib/action_dispatch/middleware/templates/routes/_route.html.erb (1.0ms)
  Rendered /Users/mac/.rvm/gems/ruby-2.0.0-p247/gems/actionpack-4.0.0/lib/action_dispatch/middleware/templates/routes/_table.html.erb (0.9ms)
  Rendered /Users/mac/.rvm/gems/ruby-2.0.0-p247/gems/actionpack-4.0.0/lib/action_dispatch/middleware/templates/rescues/routing_error.erb within rescues/layout (52.9ms)


Started GET "/" for 127.0.0.1 at 2013-07-05 13:54:52 +0800

ArgumentError (missing :action):
  config/routes.rb:3:in `block in <top (required)>'
  config/routes.rb:1:in `<top (required)>'


  Rendered /Users/mac/.rvm/gems/ruby-2.0.0-p247/gems/actionpack-4.0.0/lib/action_dispatch/middleware/templates/rescues/_source.erb (0.6ms)
  Rendered /Users/mac/.rvm/gems/ruby-2.0.0-p247/gems/actionpack-4.0.0/lib/action_dispatch/middleware/templates/rescues/_trace.erb (0.9ms)
  Rendered /Users/mac/.rvm/gems/ruby-2.0.0-p247/gems/actionpack-4.0.0/lib/action_dispatch/middleware/templates/rescues/_request_and_response.erb (0.7ms)
  Rendered /Users/mac/.rvm/gems/ruby-2.0.0-p247/gems/actionpack-4.0.0/lib/action_dispatch/middleware/templates/rescues/diagnostics.erb within rescues/layout (11.9ms)


Started GET "/" for 127.0.0.1 at 2013-07-05 13:55:00 +0800
Processing by Rails::WelcomeController#index as HTML
  Rendered /Users/mac/.rvm/gems/ruby-2.0.0-p247/gems/railties-4.0.0/lib/rails/templates/rails/welcome/index.html.erb (0.7ms)
Completed 200 OK in 28ms (Views: 3.4ms | ActiveRecord: 0.0ms)


Started GET "/welcome/say_hello" for 127.0.0.1 at 2013-07-05 13:57:06 +0800
Processing by WelcomeController#say as HTML
Completed 500 Internal Server Error in 19ms

ActionView::MissingTemplate (Missing template welcome/say, application/say with {:locale=>[:en], :formats=>[:html], :handlers=>[:erb, :builder, :raw, :ruby, :jbuilder, :coffee]}. Searched in:
  * "/Users/mac/my_ror_projects/delta/app/views"
):
  actionpack (4.0.0) lib/action_view/path_set.rb:46:in `find'
  actionpack (4.0.0) lib/action_view/lookup_context.rb:115:in `find'
  actionpack (4.0.0) lib/action_view/renderer/abstract_renderer.rb:18:in `find_template'
  actionpack (4.0.0) lib/action_view/renderer/template_renderer.rb:35:in `determine_template'
  actionpack (4.0.0) lib/action_view/renderer/template_renderer.rb:8:in `render'
  actionpack (4.0.0) lib/action_view/renderer/renderer.rb:42:in `render_template'
  actionpack (4.0.0) lib/action_view/renderer/renderer.rb:23:in `render'
  actionpack (4.0.0) lib/abstract_controller/rendering.rb:127:in `_render_template'
  actionpack (4.0.0) lib/action_controller/metal/streaming.rb:219:in `_render_template'
  actionpack (4.0.0) lib/abstract_controller/rendering.rb:120:in `render_to_body'
  actionpack (4.0.0) lib/action_controller/metal/rendering.rb:33:in `render_to_body'
  actionpack (4.0.0) lib/action_controller/metal/renderers.rb:26:in `render_to_body'
  actionpack (4.0.0) lib/abstract_controller/rendering.rb:97:in `render'
  actionpack (4.0.0) lib/action_controller/metal/rendering.rb:16:in `render'
  actionpack (4.0.0) lib/action_controller/metal/instrumentation.rb:41:in `block (2 levels) in render'
  activesupport (4.0.0) lib/active_support/core_ext/benchmark.rb:12:in `block in ms'
  /Users/mac/.rvm/rubies/ruby-2.0.0-p247/lib/ruby/2.0.0/benchmark.rb:296:in `realtime'
  activesupport (4.0.0) lib/active_support/core_ext/benchmark.rb:12:in `ms'
  actionpack (4.0.0) lib/action_controller/metal/instrumentation.rb:41:in `block in render'
  actionpack (4.0.0) lib/action_controller/metal/instrumentation.rb:84:in `cleanup_view_runtime'
  activerecord (4.0.0) lib/active_record/railties/controller_runtime.rb:25:in `cleanup_view_runtime'
  actionpack (4.0.0) lib/action_controller/metal/instrumentation.rb:40:in `render'
  actionpack (4.0.0) lib/action_controller/metal/implicit_render.rb:10:in `default_render'
  actionpack (4.0.0) lib/action_controller/metal/implicit_render.rb:5:in `send_action'
  actionpack (4.0.0) lib/abstract_controller/base.rb:189:in `process_action'
  actionpack (4.0.0) lib/action_controller/metal/rendering.rb:10:in `process_action'
  actionpack (4.0.0) lib/abstract_controller/callbacks.rb:18:in `block in process_action'
  activesupport (4.0.0) lib/active_support/callbacks.rb:403:in `_run__1439763011580475568__process_action__callbacks'
  activesupport (4.0.0) lib/active_support/callbacks.rb:80:in `run_callbacks'
  actionpack (4.0.0) lib/abstract_controller/callbacks.rb:17:in `process_action'
  actionpack (4.0.0) lib/action_controller/metal/rescue.rb:29:in `process_action'
  actionpack (4.0.0) lib/action_controller/metal/instrumentation.rb:31:in `block in process_action'
  activesupport (4.0.0) lib/active_support/notifications.rb:159:in `block in instrument'
  activesupport (4.0.0) lib/active_support/notifications/instrumenter.rb:20:in `instrument'
  activesupport (4.0.0) lib/active_support/notifications.rb:159:in `instrument'
  actionpack (4.0.0) lib/action_controller/metal/instrumentation.rb:30:in `process_action'
  actionpack (4.0.0) lib/action_controller/metal/params_wrapper.rb:245:in `process_action'
  activerecord (4.0.0) lib/active_record/railties/controller_runtime.rb:18:in `process_action'
  actionpack (4.0.0) lib/abstract_controller/base.rb:136:in `process'
  actionpack (4.0.0) lib/abstract_controller/rendering.rb:44:in `process'
  actionpack (4.0.0) lib/action_controller/metal.rb:195:in `dispatch'
  actionpack (4.0.0) lib/action_controller/metal/rack_delegation.rb:13:in `dispatch'
  actionpack (4.0.0) lib/action_controller/metal.rb:231:in `block in action'
  actionpack (4.0.0) lib/action_dispatch/routing/route_set.rb:80:in `call'
  actionpack (4.0.0) lib/action_dispatch/routing/route_set.rb:80:in `dispatch'
  actionpack (4.0.0) lib/action_dispatch/routing/route_set.rb:48:in `call'
  actionpack (4.0.0) lib/action_dispatch/journey/router.rb:71:in `block in call'
  actionpack (4.0.0) lib/action_dispatch/journey/router.rb:59:in `each'
  actionpack (4.0.0) lib/action_dispatch/journey/router.rb:59:in `call'
  actionpack (4.0.0) lib/action_dispatch/routing/route_set.rb:655:in `call'
  rack (1.5.2) lib/rack/etag.rb:23:in `call'
  rack (1.5.2) lib/rack/conditionalget.rb:25:in `call'
  rack (1.5.2) lib/rack/head.rb:11:in `call'
  actionpack (4.0.0) lib/action_dispatch/middleware/params_parser.rb:27:in `call'
  actionpack (4.0.0) lib/action_dispatch/middleware/flash.rb:241:in `call'
  rack (1.5.2) lib/rack/session/abstract/id.rb:225:in `context'
  rack (1.5.2) lib/rack/session/abstract/id.rb:220:in `call'
  actionpack (4.0.0) lib/action_dispatch/middleware/cookies.rb:486:in `call'
  activerecord (4.0.0) lib/active_record/query_cache.rb:36:in `call'
  activerecord (4.0.0) lib/active_record/connection_adapters/abstract/connection_pool.rb:626:in `call'
  activerecord (4.0.0) lib/active_record/migration.rb:369:in `call'
  actionpack (4.0.0) lib/action_dispatch/middleware/callbacks.rb:29:in `block in call'
  activesupport (4.0.0) lib/active_support/callbacks.rb:373:in `_run__2298687168674501439__call__callbacks'
  activesupport (4.0.0) lib/active_support/callbacks.rb:80:in `run_callbacks'
  actionpack (4.0.0) lib/action_dispatch/middleware/callbacks.rb:27:in `call'
  actionpack (4.0.0) lib/action_dispatch/middleware/reloader.rb:64:in `call'
  actionpack (4.0.0) lib/action_dispatch/middleware/remote_ip.rb:76:in `call'
  actionpack (4.0.0) lib/action_dispatch/middleware/debug_exceptions.rb:17:in `call'
  actionpack (4.0.0) lib/action_dispatch/middleware/show_exceptions.rb:30:in `call'
  railties (4.0.0) lib/rails/rack/logger.rb:38:in `call_app'
  railties (4.0.0) lib/rails/rack/logger.rb:21:in `block in call'
  activesupport (4.0.0) lib/active_support/tagged_logging.rb:67:in `block in tagged'
  activesupport (4.0.0) lib/active_support/tagged_logging.rb:25:in `tagged'
  activesupport (4.0.0) lib/active_support/tagged_logging.rb:67:in `tagged'
  railties (4.0.0) lib/rails/rack/logger.rb:21:in `call'
  actionpack (4.0.0) lib/action_dispatch/middleware/request_id.rb:21:in `call'
  rack (1.5.2) lib/rack/methodoverride.rb:21:in `call'
  rack (1.5.2) lib/rack/runtime.rb:17:in `call'
  activesupport (4.0.0) lib/active_support/cache/strategy/local_cache.rb:83:in `call'
  rack (1.5.2) lib/rack/lock.rb:17:in `call'
  actionpack (4.0.0) lib/action_dispatch/middleware/static.rb:64:in `call'
  railties (4.0.0) lib/rails/engine.rb:511:in `call'
  railties (4.0.0) lib/rails/application.rb:97:in `call'
  rack (1.5.2) lib/rack/lock.rb:17:in `call'
  rack (1.5.2) lib/rack/content_length.rb:14:in `call'
  rack (1.5.2) lib/rack/handler/webrick.rb:60:in `service'
  /Users/mac/.rvm/rubies/ruby-2.0.0-p247/lib/ruby/2.0.0/webrick/httpserver.rb:138:in `service'
  /Users/mac/.rvm/rubies/ruby-2.0.0-p247/lib/ruby/2.0.0/webrick/httpserver.rb:94:in `run'
  /Users/mac/.rvm/rubies/ruby-2.0.0-p247/lib/ruby/2.0.0/webrick/server.rb:295:in `block in start_thread'


  Rendered /Users/mac/.rvm/gems/ruby-2.0.0-p247/gems/actionpack-4.0.0/lib/action_dispatch/middleware/templates/rescues/missing_template.erb within rescues/layout (1.4ms)


Started GET "/welcome/say_hello" for 127.0.0.1 at 2013-07-05 14:00:59 +0800
Processing by WelcomeController#say as HTML
  Rendered welcome/say.html.erb within layouts/application (0.3ms)
Completed 200 OK in 753ms (Views: 752.3ms | ActiveRecord: 0.0ms)


Started GET "/assets/application.css?body=1" for 127.0.0.1 at 2013-07-05 14:00:59 +0800


Started GET "/assets/welcome.css?body=1" for 127.0.0.1 at 2013-07-05 14:00:59 +0800


Started GET "/assets/jquery.js?body=1" for 127.0.0.1 at 2013-07-05 14:00:59 +0800


Started GET "/assets/jquery_ujs.js?body=1" for 127.0.0.1 at 2013-07-05 14:00:59 +0800


Started GET "/assets/turbolinks.js?body=1" for 127.0.0.1 at 2013-07-05 14:00:59 +0800


Started GET "/assets/application.js?body=1" for 127.0.0.1 at 2013-07-05 14:00:59 +0800


Started GET "/assets/welcome.js?body=1" for 127.0.0.1 at 2013-07-05 14:01:01 +0800


Started GET "/welcome/" for 127.0.0.1 at 2013-07-05 14:01:17 +0800
Processing by WelcomeController#index as HTML
  Rendered welcome/index.html.erb within layouts/application (0.3ms)
Completed 200 OK in 5ms (Views: 4.5ms | ActiveRecord: 0.0ms)


Started GET "/welcome" for 127.0.0.1 at 2013-07-05 14:01:23 +0800
Processing by WelcomeController#index as HTML
  Rendered welcome/index.html.erb within layouts/application (0.0ms)
Completed 200 OK in 6ms (Views: 4.8ms | ActiveRecord: 0.0ms)


Started GET "/welcome" for 127.0.0.1 at 2013-07-05 14:01:29 +0800
Processing by WelcomeController#index as HTML
  Rendered welcome/index.html.erb within layouts/application (0.1ms)
Completed 200 OK in 4ms (Views: 3.4ms | ActiveRecord: 0.0ms)


Started GET "/assets/application.css?body=1" for 127.0.0.1 at 2013-07-05 14:01:29 +0800


Started GET "/assets/welcome.css?body=1" for 127.0.0.1 at 2013-07-05 14:01:29 +0800


Started GET "/assets/jquery.js?body=1" for 127.0.0.1 at 2013-07-05 14:01:29 +0800


Started GET "/assets/turbolinks.js?body=1" for 127.0.0.1 at 2013-07-05 14:01:29 +0800


Started GET "/assets/jquery_ujs.js?body=1" for 127.0.0.1 at 2013-07-05 14:01:29 +0800


Started GET "/assets/application.js?body=1" for 127.0.0.1 at 2013-07-05 14:01:29 +0800


Started GET "/assets/welcome.js?body=1" for 127.0.0.1 at 2013-07-05 14:01:29 +0800


Started GET "/welcome" for 127.0.0.1 at 2013-07-05 14:02:15 +0800
Processing by WelcomeController#index as HTML
  Rendered welcome/index.html.erb within layouts/application (0.0ms)
Completed 200 OK in 5ms (Views: 4.9ms | ActiveRecord: 0.0ms)


Started GET "/assets/application.css?body=1" for 127.0.0.1 at 2013-07-05 14:02:15 +0800


Started GET "/assets/jquery.js?body=1" for 127.0.0.1 at 2013-07-05 14:02:16 +0800


Started GET "/assets/welcome.css?body=1" for 127.0.0.1 at 2013-07-05 14:02:16 +0800


Started GET "/assets/jquery_ujs.js?body=1" for 127.0.0.1 at 2013-07-05 14:02:16 +0800


Started GET "/assets/welcome.js?body=1" for 127.0.0.1 at 2013-07-05 14:02:16 +0800


Started GET "/assets/turbolinks.js?body=1" for 127.0.0.1 at 2013-07-05 14:02:16 +0800


Started GET "/assets/application.js?body=1" for 127.0.0.1 at 2013-07-05 14:02:16 +0800


Started GET "/welcome/say_hello" for 127.0.0.1 at 2013-07-05 14:02:21 +0800
Processing by WelcomeController#say as HTML
  Rendered welcome/say.html.erb within layouts/application (0.1ms)
Completed 200 OK in 5ms (Views: 4.9ms | ActiveRecord: 0.0ms)


Started GET "/assets/application.css?body=1" for 127.0.0.1 at 2013-07-05 14:02:21 +0800


Started GET "/assets/welcome.css?body=1" for 127.0.0.1 at 2013-07-05 14:02:21 +0800


Started GET "/assets/application.js?body=1" for 127.0.0.1 at 2013-07-05 14:02:21 +0800


Started GET "/assets/jquery_ujs.js?body=1" for 127.0.0.1 at 2013-07-05 14:02:21 +0800


Started GET "/assets/turbolinks.js?body=1" for 127.0.0.1 at 2013-07-05 14:02:21 +0800


Started GET "/assets/jquery.js?body=1" for 127.0.0.1 at 2013-07-05 14:02:21 +0800


Started GET "/assets/welcome.js?body=1" for 127.0.0.1 at 2013-07-05 14:02:21 +0800


Started GET "/welcome" for 127.0.0.1 at 2013-07-05 14:02:38 +0800
Processing by WelcomeController#index as HTML
  Rendered welcome/index.html.erb within layouts/application (0.4ms)
Completed 200 OK in 4ms (Views: 3.7ms | ActiveRecord: 0.0ms)


Started GET "/assets/application.css?body=1" for 127.0.0.1 at 2013-07-05 14:02:38 +0800


Started GET "/assets/welcome.css?body=1" for 127.0.0.1 at 2013-07-05 14:02:38 +0800


Started GET "/assets/application.js?body=1" for 127.0.0.1 at 2013-07-05 14:02:38 +0800


Started GET "/assets/jquery_ujs.js?body=1" for 127.0.0.1 at 2013-07-05 14:02:38 +0800


Started GET "/assets/turbolinks.js?body=1" for 127.0.0.1 at 2013-07-05 14:02:38 +0800


Started GET "/assets/jquery.js?body=1" for 127.0.0.1 at 2013-07-05 14:02:38 +0800


Started GET "/assets/welcome.js?body=1" for 127.0.0.1 at 2013-07-05 14:02:38 +0800


Started GET "/welcome" for 127.0.0.1 at 2013-07-05 14:02:50 +0800
Processing by WelcomeController#index as HTML
  Rendered welcome/index.html.erb within layouts/application (0.8ms)
Completed 200 OK in 5ms (Views: 4.5ms | ActiveRecord: 0.0ms)


Started GET "/assets/application.css?body=1" for 127.0.0.1 at 2013-07-05 14:02:50 +0800


Started GET "/assets/jquery.js?body=1" for 127.0.0.1 at 2013-07-05 14:02:51 +0800


Started GET "/assets/welcome.css?body=1" for 127.0.0.1 at 2013-07-05 14:02:51 +0800


Started GET "/assets/application.js?body=1" for 127.0.0.1 at 2013-07-05 14:02:51 +0800


Started GET "/assets/turbolinks.js?body=1" for 127.0.0.1 at 2013-07-05 14:02:51 +0800


Started GET "/assets/jquery_ujs.js?body=1" for 127.0.0.1 at 2013-07-05 14:02:51 +0800


Started GET "/assets/welcome.js?body=1" for 127.0.0.1 at 2013-07-05 14:02:51 +0800


Started GET "/welcome" for 127.0.0.1 at 2013-07-05 14:03:53 +0800
Processing by WelcomeController#index as HTML
  Rendered welcome/index.html.erb within layouts/application (0.2ms)
Completed 200 OK in 5ms (Views: 3.9ms | ActiveRecord: 0.0ms)


Started GET "/assets/application.css?body=1" for 127.0.0.1 at 2013-07-05 14:03:53 +0800


Started GET "/assets/jquery_ujs.js?body=1" for 127.0.0.1 at 2013-07-05 14:03:53 +0800


Started GET "/assets/application.js?body=1" for 127.0.0.1 at 2013-07-05 14:03:53 +0800


Started GET "/assets/jquery.js?body=1" for 127.0.0.1 at 2013-07-05 14:03:53 +0800


Started GET "/assets/turbolinks.js?body=1" for 127.0.0.1 at 2013-07-05 14:03:53 +0800


Started GET "/assets/welcome.css?body=1" for 127.0.0.1 at 2013-07-05 14:03:53 +0800


Started GET "/assets/welcome.js?body=1" for 127.0.0.1 at 2013-07-05 14:03:53 +0800


Started GET "/welcome/say_hello" for 127.0.0.1 at 2013-07-05 14:03:54 +0800
Processing by WelcomeController#say as HTML
  Rendered welcome/say.html.erb within layouts/application (0.8ms)
Completed 200 OK in 7ms (Views: 5.8ms | ActiveRecord: 0.0ms)


Started GET "/" for 127.0.0.1 at 2013-07-05 14:03:55 +0800
Processing by WelcomeController#index as HTML
  Rendered welcome/index.html.erb within layouts/application (0.8ms)
Completed 200 OK in 6ms (Views: 5.5ms | ActiveRecord: 0.0ms)
  [1m[36m (1.4ms)[0m  [1mCREATE TABLE "schema_migrations" ("version" varchar(255) NOT NULL) [0m
  [1m[35m (0.9ms)[0m  CREATE UNIQUE INDEX "unique_schema_migrations" ON "schema_migrations" ("version")
  [1m[36mActiveRecord::SchemaMigration Load (0.1ms)[0m  [1mSELECT "schema_migrations".* FROM "schema_migrations"[0m
Migrating to CreatePeople (20130705060923)
  [1m[35m (0.1ms)[0m  begin transaction
  [1m[36m (0.3ms)[0m  [1mCREATE TABLE "people" ("id" INTEGER PRIMARY KEY AUTOINCREMENT NOT NULL, "name" varchar(255), "bio" text, "birthday" date, "created_at" datetime, "updated_at" datetime) [0m
  [1m[35mSQL (0.2ms)[0m  INSERT INTO "schema_migrations" ("version") VALUES (?)  [["version", "20130705060923"]]
  [1m[36m (1.0ms)[0m  [1mcommit transaction[0m
  [1m[35mActiveRecord::SchemaMigration Load (0.1ms)[0m  SELECT "schema_migrations".* FROM "schema_migrations"


Started GET "/people" for 127.0.0.1 at 2013-07-05 14:10:49 +0800
  [1m[36mActiveRecord::SchemaMigration Load (0.1ms)[0m  [1mSELECT "schema_migrations".* FROM "schema_migrations"[0m
Processing by PeopleController#index as HTML
  [1m[35mPerson Load (0.1ms)[0m  SELECT "people".* FROM "people"
  Rendered people/index.html.erb within layouts/application (2.1ms)
Completed 200 OK in 178ms (Views: 162.9ms | ActiveRecord: 0.3ms)


Started GET "/assets/people.css?body=1" for 127.0.0.1 at 2013-07-05 14:10:50 +0800


Started GET "/assets/scaffolds.css?body=1" for 127.0.0.1 at 2013-07-05 14:10:50 +0800


Started GET "/assets/people.js?body=1" for 127.0.0.1 at 2013-07-05 14:10:50 +0800


Started GET "/assets/welcome.css?body=1" for 127.0.0.1 at 2013-07-05 14:10:50 +0800


Started GET "/assets/jquery.js?body=1" for 127.0.0.1 at 2013-07-05 14:10:50 +0800


Started GET "/assets/application.css?body=1" for 127.0.0.1 at 2013-07-05 14:10:50 +0800


Started GET "/assets/jquery_ujs.js?body=1" for 127.0.0.1 at 2013-07-05 14:10:50 +0800


Started GET "/assets/turbolinks.js?body=1" for 127.0.0.1 at 2013-07-05 14:10:50 +0800


Started GET "/assets/application.js?body=1" for 127.0.0.1 at 2013-07-05 14:10:50 +0800


Started GET "/assets/welcome.js?body=1" for 127.0.0.1 at 2013-07-05 14:10:50 +0800


Started GET "/people/new" for 127.0.0.1 at 2013-07-05 14:10:52 +0800
Processing by PeopleController#new as HTML
  Rendered people/_form.html.erb (104.5ms)
  Rendered people/new.html.erb within layouts/application (133.8ms)
Completed 200 OK in 141ms (Views: 138.8ms | ActiveRecord: 0.3ms)


Started POST "/people" for 127.0.0.1 at 2013-07-05 14:11:13 +0800
Processing by PeopleController#create as HTML
  Parameters: {"utf8"=>"✓", "authenticity_token"=>"UtwhlvqrUxuyGFWTimf3G/iA3k50/qAUm3kZoH4+axI=", "person"=>{"name"=>"Wang", "bio"=>"Good man!!", "birthday(1i)"=>"2013", "birthday(2i)"=>"7", "birthday(3i)"=>"5"}, "commit"=>"Create Person"}
  [1m[36m (0.1ms)[0m  [1mbegin transaction[0m
  [1m[35mSQL (35.1ms)[0m  INSERT INTO "people" ("bio", "birthday", "created_at", "name", "updated_at") VALUES (?, ?, ?, ?, ?)  [["bio", "Good man!!"], ["birthday", Fri, 05 Jul 2013], ["created_at", Fri, 05 Jul 2013 06:11:13 UTC +00:00], ["name", "Wang"], ["updated_at", Fri, 05 Jul 2013 06:11:13 UTC +00:00]]
  [1m[36m (18.5ms)[0m  [1mcommit transaction[0m
Redirected to http://localhost:3000/people/1
Completed 302 Found in 59ms (ActiveRecord: 53.8ms)


Started GET "/people/1" for 127.0.0.1 at 2013-07-05 14:11:13 +0800
Processing by PeopleController#show as HTML
  Parameters: {"id"=>"1"}
  [1m[35mPerson Load (0.2ms)[0m  SELECT "people".* FROM "people" WHERE "people"."id" = ? LIMIT 1  [["id", "1"]]
  Rendered people/show.html.erb within layouts/application (0.8ms)
Completed 200 OK in 8ms (Views: 5.4ms | ActiveRecord: 0.2ms)


Started GET "/assets/application.css?body=1" for 127.0.0.1 at 2013-07-05 14:11:13 +0800


Started GET "/assets/people.css?body=1" for 127.0.0.1 at 2013-07-05 14:11:13 +0800


Started GET "/assets/jquery_ujs.js?body=1" for 127.0.0.1 at 2013-07-05 14:11:13 +0800


Started GET "/assets/jquery.js?body=1" for 127.0.0.1 at 2013-07-05 14:11:13 +0800


Started GET "/assets/welcome.css?body=1" for 127.0.0.1 at 2013-07-05 14:11:13 +0800


Started GET "/assets/scaffolds.css?body=1" for 127.0.0.1 at 2013-07-05 14:11:13 +0800


Started GET "/assets/turbolinks.js?body=1" for 127.0.0.1 at 2013-07-05 14:11:13 +0800


Started GET "/assets/people.js?body=1" for 127.0.0.1 at 2013-07-05 14:11:13 +0800


Started GET "/assets/application.js?body=1" for 127.0.0.1 at 2013-07-05 14:11:13 +0800


Started GET "/assets/welcome.js?body=1" for 127.0.0.1 at 2013-07-05 14:11:13 +0800


Started GET "/people" for 127.0.0.1 at 2013-07-05 14:11:17 +0800
Processing by PeopleController#index as HTML
  [1m[36mPerson Load (0.2ms)[0m  [1mSELECT "people".* FROM "people"[0m
  Rendered people/index.html.erb within layouts/application (2.4ms)
Completed 200 OK in 8ms (Views: 6.7ms | ActiveRecord: 0.2ms)
  [1m[36mActiveRecord::SchemaMigration Load (0.1ms)[0m  [1mSELECT "schema_migrations".* FROM "schema_migrations"[0m
Migrating to CreateEvents (20130705062035)
  [1m[35m (0.1ms)[0m  begin transaction
  [1m[36m (0.5ms)[0m  [1mCREATE TABLE "events" ("id" INTEGER PRIMARY KEY AUTOINCREMENT NOT NULL, "name" varchar(255), "description" text, "is_public" boolean, "capacity" integer, "created_at" datetime, "updated_at" datetime) [0m
  [1m[35mSQL (0.2ms)[0m  INSERT INTO "schema_migrations" ("version") VALUES (?)  [["version", "20130705062035"]]
  [1m[36m (1.3ms)[0m  [1mcommit transaction[0m
  [1m[35mActiveRecord::SchemaMigration Load (0.1ms)[0m  SELECT "schema_migrations".* FROM "schema_migrations"
  [1m[36m (0.2ms)[0m  [1mbegin transaction[0m
  [1m[35mSQL (81.4ms)[0m  INSERT INTO "events" ("capacity", "created_at", "description", "name", "updated_at") VALUES (?, ?, ?, ?, ?)  [["capacity", 20], ["created_at", Fri, 05 Jul 2013 06:25:11 UTC +00:00], ["description", "fooobarrr"], ["name", "Ruby.course"], ["updated_at", Fri, 05 Jul 2013 06:25:11 UTC +00:00]]
  [1m[36m (2.1ms)[0m  [1mcommit transaction[0m
  [1m[35m (0.1ms)[0m  begin transaction
  [1m[36mSQL (0.4ms)[0m  [1mINSERT INTO "events" ("capacity", "created_at", "name", "updated_at") VALUES (?, ?, ?, ?)[0m  [["capacity", 30], ["created_at", Fri, 05 Jul 2013 06:25:54 UTC +00:00], ["name", "another ruby course"], ["updated_at", Fri, 05 Jul 2013 06:25:54 UTC +00:00]]
  [1m[35m (1.7ms)[0m  commit transaction
  [1m[36mEvent Load (0.3ms)[0m  [1mSELECT "events".* FROM "events" WHERE "events"."id" = ? LIMIT 1[0m  [["id", 1]]
  [1m[36mActiveRecord::SchemaMigration Load (0.1ms)[0m  [1mSELECT "schema_migrations".* FROM "schema_migrations"[0m
Migrating to AddStatusToEvents (20130705062726)
  [1m[35m (0.1ms)[0m  begin transaction
  [1m[36m (40.8ms)[0m  [1mALTER TABLE "events" ADD "status" varchar(255)[0m
  [1m[35mSQL (0.2ms)[0m  INSERT INTO "schema_migrations" ("version") VALUES (?)  [["version", "20130705062726"]]
  [1m[36m (1.3ms)[0m  [1mcommit transaction[0m
  [1m[35mActiveRecord::SchemaMigration Load (0.1ms)[0m  SELECT "schema_migrations".* FROM "schema_migrations"
  [1m[36m (0.2ms)[0m  [1mbegin transaction[0m
  [1m[35m (0.1ms)[0m  rollback transaction
  [1m[36m (0.1ms)[0m  [1mbegin transaction[0m
  [1m[35mSQL (4.0ms)[0m  INSERT INTO "events" ("created_at", "name", "updated_at") VALUES (?, ?, ?)  [["created_at", Fri, 05 Jul 2013 06:32:45 UTC +00:00], ["name", "iiii"], ["updated_at", Fri, 05 Jul 2013 06:32:45 UTC +00:00]]
  [1m[36m (1.5ms)[0m  [1mcommit transaction[0m


Started GET "/people" for 127.0.0.1 at 2013-07-05 14:43:18 +0800
  [1m[36mActiveRecord::SchemaMigration Load (0.1ms)[0m  [1mSELECT "schema_migrations".* FROM "schema_migrations"[0m
Processing by PeopleController#index as HTML
  [1m[35mPerson Load (0.1ms)[0m  SELECT "people".* FROM "people"
  Rendered people/index.html.erb within layouts/application (14.7ms)
Completed 200 OK in 242ms (Views: 187.6ms | ActiveRecord: 0.5ms)


Started GET "/assets/application.css?body=1" for 127.0.0.1 at 2013-07-05 14:43:19 +0800


Started GET "/assets/people.css?body=1" for 127.0.0.1 at 2013-07-05 14:43:19 +0800


Started GET "/assets/scaffolds.css?body=1" for 127.0.0.1 at 2013-07-05 14:43:19 +0800


Started GET "/assets/jquery.js?body=1" for 127.0.0.1 at 2013-07-05 14:43:19 +0800


Started GET "/assets/jquery_ujs.js?body=1" for 127.0.0.1 at 2013-07-05 14:43:19 +0800


Started GET "/assets/welcome.css?body=1" for 127.0.0.1 at 2013-07-05 14:43:19 +0800


Started GET "/assets/turbolinks.js?body=1" for 127.0.0.1 at 2013-07-05 14:43:19 +0800


Started GET "/assets/people.js?body=1" for 127.0.0.1 at 2013-07-05 14:43:19 +0800


Started GET "/assets/application.js?body=1" for 127.0.0.1 at 2013-07-05 14:43:19 +0800


Started GET "/assets/welcome.js?body=1" for 127.0.0.1 at 2013-07-05 14:43:19 +0800


Started GET "/people" for 127.0.0.1 at 2013-07-05 14:49:12 +0800
  [1m[36mActiveRecord::SchemaMigration Load (0.1ms)[0m  [1mSELECT "schema_migrations".* FROM "schema_migrations"[0m
Processing by PeopleController#index as HTML
  [1m[35mPerson Load (0.1ms)[0m  SELECT "people".* FROM "people"
  Rendered people/index.html.erb within layouts/application (15.2ms)
Completed 200 OK in 350ms (Views: 313.2ms | ActiveRecord: 0.4ms)


Started GET "/assets/events.css?body=1" for 127.0.0.1 at 2013-07-05 14:49:13 +0800


Started GET "/assets/application.css?body=1" for 127.0.0.1 at 2013-07-05 14:49:13 +0800


Started GET "/assets/welcome.css?body=1" for 127.0.0.1 at 2013-07-05 14:49:13 +0800


Started GET "/assets/people.css?body=1" for 127.0.0.1 at 2013-07-05 14:49:13 +0800


Started GET "/assets/scaffolds.css?body=1" for 127.0.0.1 at 2013-07-05 14:49:13 +0800


Started GET "/assets/events.js?body=1" for 127.0.0.1 at 2013-07-05 14:49:13 +0800


Started GET "/assets/jquery.js?body=1" for 127.0.0.1 at 2013-07-05 14:49:13 +0800


Started GET "/assets/jquery_ujs.js?body=1" for 127.0.0.1 at 2013-07-05 14:49:13 +0800


Started GET "/assets/turbolinks.js?body=1" for 127.0.0.1 at 2013-07-05 14:49:13 +0800


Started GET "/assets/people.js?body=1" for 127.0.0.1 at 2013-07-05 14:49:13 +0800


Started GET "/assets/application.js?body=1" for 127.0.0.1 at 2013-07-05 14:49:13 +0800


Started GET "/assets/welcome.js?body=1" for 127.0.0.1 at 2013-07-05 14:49:13 +0800


Started GET "/events" for 127.0.0.1 at 2013-07-05 14:49:18 +0800

ActionController::RoutingError (No route matches [GET] "/events"):
  actionpack (4.0.0) lib/action_dispatch/middleware/debug_exceptions.rb:21:in `call'
  actionpack (4.0.0) lib/action_dispatch/middleware/show_exceptions.rb:30:in `call'
  railties (4.0.0) lib/rails/rack/logger.rb:38:in `call_app'
  railties (4.0.0) lib/rails/rack/logger.rb:21:in `block in call'
  activesupport (4.0.0) lib/active_support/tagged_logging.rb:67:in `block in tagged'
  activesupport (4.0.0) lib/active_support/tagged_logging.rb:25:in `tagged'
  activesupport (4.0.0) lib/active_support/tagged_logging.rb:67:in `tagged'
  railties (4.0.0) lib/rails/rack/logger.rb:21:in `call'
  actionpack (4.0.0) lib/action_dispatch/middleware/request_id.rb:21:in `call'
  rack (1.5.2) lib/rack/methodoverride.rb:21:in `call'
  rack (1.5.2) lib/rack/runtime.rb:17:in `call'
  activesupport (4.0.0) lib/active_support/cache/strategy/local_cache.rb:83:in `call'
  rack (1.5.2) lib/rack/lock.rb:17:in `call'
  actionpack (4.0.0) lib/action_dispatch/middleware/static.rb:64:in `call'
  railties (4.0.0) lib/rails/engine.rb:511:in `call'
  railties (4.0.0) lib/rails/application.rb:97:in `call'
  rack (1.5.2) lib/rack/lock.rb:17:in `call'
  rack (1.5.2) lib/rack/content_length.rb:14:in `call'
  rack (1.5.2) lib/rack/handler/webrick.rb:60:in `service'
  /Users/mac/.rvm/rubies/ruby-2.0.0-p247/lib/ruby/2.0.0/webrick/httpserver.rb:138:in `service'
  /Users/mac/.rvm/rubies/ruby-2.0.0-p247/lib/ruby/2.0.0/webrick/httpserver.rb:94:in `run'
  /Users/mac/.rvm/rubies/ruby-2.0.0-p247/lib/ruby/2.0.0/webrick/server.rb:295:in `block in start_thread'


  Rendered /Users/mac/.rvm/gems/ruby-2.0.0-p247/gems/actionpack-4.0.0/lib/action_dispatch/middleware/templates/rescues/_trace.erb (1.0ms)
  Rendered /Users/mac/.rvm/gems/ruby-2.0.0-p247/gems/actionpack-4.0.0/lib/action_dispatch/middleware/templates/routes/_route.html.erb (1.3ms)
  Rendered /Users/mac/.rvm/gems/ruby-2.0.0-p247/gems/actionpack-4.0.0/lib/action_dispatch/middleware/templates/routes/_table.html.erb (14.8ms)
  Rendered /Users/mac/.rvm/gems/ruby-2.0.0-p247/gems/actionpack-4.0.0/lib/action_dispatch/middleware/templates/rescues/routing_error.erb within rescues/layout (57.7ms)


Started GET "/events" for 127.0.0.1 at 2013-07-05 14:50:52 +0800
Processing by EventsController#index as HTML
  [1m[36mEvent Load (0.1ms)[0m  [1mSELECT "events".* FROM "events"[0m
  Rendered events/index.html.erb within layouts/application (50.9ms)
Completed 500 Internal Server Error in 55ms

ActionView::Template::Error (No route matches {:action=>"show", :controller=>"events", :id=>#<Event id: 1, name: "Ruby.course", description: "fooobarrr", is_public: nil, capacity: 20, created_at: "2013-07-05 06:25:11", updated_at: "2013-07-05 06:25:11", status: nil>}):
    2: <% @events.each do |event| %>
    3:   <li>
    4:   <%= event.name %>
    5:   <%= link_to 'Show', :controller => 'events', :action => 'show', :id => event %>
    6:   <%= link_to 'Edit', :controller => 'events', :action => 'edit', :id => event %>
    7:   <%= link_to 'Delete', :controller => 'events', :action => 'destroy', :id => event %>
    8:   </li>
  app/views/events/index.html.erb:5:in `block in _app_views_events_index_html_erb___325082738619969462_70231887106340'
  app/views/events/index.html.erb:2:in `_app_views_events_index_html_erb___325082738619969462_70231887106340'


  Rendered /Users/mac/.rvm/gems/ruby-2.0.0-p247/gems/actionpack-4.0.0/lib/action_dispatch/middleware/templates/rescues/_trace.erb (0.9ms)
  Rendered /Users/mac/.rvm/gems/ruby-2.0.0-p247/gems/actionpack-4.0.0/lib/action_dispatch/middleware/templates/rescues/_request_and_response.erb (1.2ms)
  Rendered /Users/mac/.rvm/gems/ruby-2.0.0-p247/gems/actionpack-4.0.0/lib/action_dispatch/middleware/templates/rescues/template_error.erb within rescues/layout (9.6ms)


Started GET "/events" for 127.0.0.1 at 2013-07-05 14:55:43 +0800
Processing by EventsController#index as HTML
  [1m[35mEvent Load (0.1ms)[0m  SELECT "events".* FROM "events"
  Rendered events/index.html.erb within layouts/application (16.1ms)
Completed 500 Internal Server Error in 20ms

ActionView::Template::Error (No route matches {:action=>"show", :controller=>"events", :id=>#<Event id: 1, name: "Ruby.course", description: "fooobarrr", is_public: nil, capacity: 20, created_at: "2013-07-05 06:25:11", updated_at: "2013-07-05 06:25:11", status: nil>}):
    2: <% @events.each do |event| %>
    3:   <li>
    4:   <%= event.name %>
    5:   <%= link_to 'Show', :controller => 'events', :action => 'show', :id => event %>
    6:   <%= link_to 'Edit', :controller => 'events', :action => 'edit', :id => event %>
    7:   <%= link_to 'Delete', :controller => 'events', :action => 'destroy', :id => event %>
    8:   </li>
  app/views/events/index.html.erb:5:in `block in _app_views_events_index_html_erb___325082738619969462_70231887106340'
  app/views/events/index.html.erb:2:in `_app_views_events_index_html_erb___325082738619969462_70231887106340'


  Rendered /Users/mac/.rvm/gems/ruby-2.0.0-p247/gems/actionpack-4.0.0/lib/action_dispatch/middleware/templates/rescues/_trace.erb (1.0ms)
  Rendered /Users/mac/.rvm/gems/ruby-2.0.0-p247/gems/actionpack-4.0.0/lib/action_dispatch/middleware/templates/rescues/_request_and_response.erb (0.8ms)
  Rendered /Users/mac/.rvm/gems/ruby-2.0.0-p247/gems/actionpack-4.0.0/lib/action_dispatch/middleware/templates/rescues/template_error.erb within rescues/layout (9.2ms)


Started GET "/events" for 127.0.0.1 at 2013-07-05 14:56:13 +0800
Processing by EventsController#index as HTML
  [1m[36mEvent Load (0.2ms)[0m  [1mSELECT "events".* FROM "events"[0m
  Rendered events/index.html.erb within layouts/application (2.6ms)
Completed 500 Internal Server Error in 5ms

ActionView::Template::Error (No route matches {:action=>"show", :controller=>"events", :id=>#<Event id: 1, name: "Ruby.course", description: "fooobarrr", is_public: nil, capacity: 20, created_at: "2013-07-05 06:25:11", updated_at: "2013-07-05 06:25:11", status: nil>}):
    2: <% @events.each do |event| %>
    3:   <li>
    4:   <%= event.name %>
    5:   <%= link_to 'Show', :controller => 'events', :action => 'show', :id => event %>
    6:   <%= link_to 'Edit', :controller => 'events', :action => 'edit', :id => event %>
    7:   <%= link_to 'Delete', :controller => 'events', :action => 'destroy', :id => event %>
    8:   </li>
  app/views/events/index.html.erb:5:in `block in _app_views_events_index_html_erb___325082738619969462_70231887106340'
  app/views/events/index.html.erb:2:in `_app_views_events_index_html_erb___325082738619969462_70231887106340'


  Rendered /Users/mac/.rvm/gems/ruby-2.0.0-p247/gems/actionpack-4.0.0/lib/action_dispatch/middleware/templates/rescues/_trace.erb (1.3ms)
  Rendered /Users/mac/.rvm/gems/ruby-2.0.0-p247/gems/actionpack-4.0.0/lib/action_dispatch/middleware/templates/rescues/_request_and_response.erb (0.8ms)
  Rendered /Users/mac/.rvm/gems/ruby-2.0.0-p247/gems/actionpack-4.0.0/lib/action_dispatch/middleware/templates/rescues/template_error.erb within rescues/layout (9.9ms)


Started GET "/events" for 127.0.0.1 at 2013-07-05 14:58:06 +0800
Processing by EventsController#index as HTML
  [1m[35mEvent Load (0.1ms)[0m  SELECT "events".* FROM "events"
  Rendered events/index.html.erb within layouts/application (16.0ms)
Completed 500 Internal Server Error in 19ms

ActionView::Template::Error (No route matches {:action=>"destroy", :controller=>"events", :id=>#<Event id: 1, name: "Ruby.course", description: "fooobarrr", is_public: nil, capacity: 20, created_at: "2013-07-05 06:25:11", updated_at: "2013-07-05 06:25:11", status: nil>}):
    4:   <%= event.name %>
    5:   <%= link_to 'Show', :controller => 'events', :action => 'show', :id => event %>
    6:   <%= link_to 'Edit', :controller => 'events', :action => 'edit', :id => event %>
    7:   <%= link_to 'Delete', :controller => 'events', :action => 'destroy', :id => event %>
    8:   </li>
    9: <% end %>
   10: </ul>
  app/views/events/index.html.erb:7:in `block in _app_views_events_index_html_erb___325082738619969462_70231887106340'
  app/views/events/index.html.erb:2:in `_app_views_events_index_html_erb___325082738619969462_70231887106340'


  Rendered /Users/mac/.rvm/gems/ruby-2.0.0-p247/gems/actionpack-4.0.0/lib/action_dispatch/middleware/templates/rescues/_trace.erb (0.9ms)
  Rendered /Users/mac/.rvm/gems/ruby-2.0.0-p247/gems/actionpack-4.0.0/lib/action_dispatch/middleware/templates/rescues/_request_and_response.erb (0.8ms)
  Rendered /Users/mac/.rvm/gems/ruby-2.0.0-p247/gems/actionpack-4.0.0/lib/action_dispatch/middleware/templates/rescues/template_error.erb within rescues/layout (8.8ms)


Started GET "/events" for 127.0.0.1 at 2013-07-05 14:59:16 +0800
Processing by EventsController#index as HTML
  [1m[36mEvent Load (0.1ms)[0m  [1mSELECT "events".* FROM "events"[0m
  Rendered events/index.html.erb within layouts/application (17.3ms)
Completed 500 Internal Server Error in 21ms

ActionView::Template::Error (No route matches {:action=>"destroy", :controller=>"events", :id=>#<Event id: 1, name: "Ruby.course", description: "fooobarrr", is_public: nil, capacity: 20, created_at: "2013-07-05 06:25:11", updated_at: "2013-07-05 06:25:11", status: nil>}):
    4:   <%= event.name %>
    5:   <%= link_to 'Show', :controller => 'events', :action => 'show', :id => event %>
    6:   <%= link_to 'Edit', :controller => 'events', :action => 'edit', :id => event %>
    7:   <%= link_to 'Delete', :controller => 'events', :action => 'destroy', :id => event %>
    8:   </li>
    9: <% end %>
   10: </ul>
  app/views/events/index.html.erb:7:in `block in _app_views_events_index_html_erb___325082738619969462_70231887106340'
  app/views/events/index.html.erb:2:in `_app_views_events_index_html_erb___325082738619969462_70231887106340'


  Rendered /Users/mac/.rvm/gems/ruby-2.0.0-p247/gems/actionpack-4.0.0/lib/action_dispatch/middleware/templates/rescues/_trace.erb (1.0ms)
  Rendered /Users/mac/.rvm/gems/ruby-2.0.0-p247/gems/actionpack-4.0.0/lib/action_dispatch/middleware/templates/rescues/_request_and_response.erb (0.8ms)
  Rendered /Users/mac/.rvm/gems/ruby-2.0.0-p247/gems/actionpack-4.0.0/lib/action_dispatch/middleware/templates/rescues/template_error.erb within rescues/layout (9.7ms)


Started GET "/events" for 127.0.0.1 at 2013-07-05 15:00:39 +0800
Processing by EventsController#index as HTML
  [1m[35mEvent Load (0.1ms)[0m  SELECT "events".* FROM "events"
  Rendered events/index.html.erb within layouts/application (17.4ms)
Completed 200 OK in 24ms (Views: 21.2ms | ActiveRecord: 0.5ms)


Started GET "/assets/application.css?body=1" for 127.0.0.1 at 2013-07-05 15:00:39 +0800


Started GET "/assets/events.css?body=1" for 127.0.0.1 at 2013-07-05 15:00:39 +0800


Started GET "/assets/people.css?body=1" for 127.0.0.1 at 2013-07-05 15:00:39 +0800


Started GET "/assets/jquery_ujs.js?body=1" for 127.0.0.1 at 2013-07-05 15:00:39 +0800


Started GET "/assets/scaffolds.css?body=1" for 127.0.0.1 at 2013-07-05 15:00:39 +0800


Started GET "/assets/welcome.css?body=1" for 127.0.0.1 at 2013-07-05 15:00:39 +0800


Started GET "/assets/turbolinks.js?body=1" for 127.0.0.1 at 2013-07-05 15:00:39 +0800


Started GET "/assets/jquery.js?body=1" for 127.0.0.1 at 2013-07-05 15:00:39 +0800


Started GET "/assets/events.js?body=1" for 127.0.0.1 at 2013-07-05 15:00:39 +0800


Started GET "/assets/people.js?body=1" for 127.0.0.1 at 2013-07-05 15:00:39 +0800


Started GET "/assets/application.js?body=1" for 127.0.0.1 at 2013-07-05 15:00:39 +0800


Started GET "/assets/welcome.js?body=1" for 127.0.0.1 at 2013-07-05 15:00:39 +0800


Started GET "/events/1" for 127.0.0.1 at 2013-07-05 15:00:47 +0800
Processing by EventsController#show as HTML
  Parameters: {"id"=>"1"}
  [1m[36mEvent Load (0.3ms)[0m  [1mSELECT "events".* FROM "events" WHERE "events"."id" = ? LIMIT 1[0m  [["id", "1"]]
  Rendered events/show.html.erb within layouts/application (21.5ms)
Completed 200 OK in 29ms (Views: 26.6ms | ActiveRecord: 0.3ms)


Started GET "/events" for 127.0.0.1 at 2013-07-05 15:00:54 +0800
Processing by EventsController#index as HTML
  [1m[35mEvent Load (0.2ms)[0m  SELECT "events".* FROM "events"
  Rendered events/index.html.erb within layouts/application (4.1ms)
Completed 200 OK in 11ms (Views: 9.6ms | ActiveRecord: 0.2ms)


Started GET "/events/3/edit" for 127.0.0.1 at 2013-07-05 15:00:56 +0800
Processing by EventsController#edit as HTML
  Parameters: {"id"=>"3"}
  [1m[36mEvent Load (0.1ms)[0m  [1mSELECT "events".* FROM "events" WHERE "events"."id" = ? LIMIT 1[0m  [["id", "3"]]
  Rendered events/edit.html.erb within layouts/application (45.0ms)
Completed 200 OK in 51ms (Views: 49.6ms | ActiveRecord: 0.1ms)


Started PATCH "/events/3" for 127.0.0.1 at 2013-07-05 15:00:58 +0800
Processing by EventsController#update as HTML
  Parameters: {"utf8"=>"✓", "authenticity_token"=>"UtwhlvqrUxuyGFWTimf3G/iA3k50/qAUm3kZoH4+axI=", "event"=>{"name"=>"iiii", "description"=>""}, "commit"=>"Update", "id"=>"3"}
  [1m[35mEvent Load (0.1ms)[0m  SELECT "events".* FROM "events" WHERE "events"."id" = ? LIMIT 1  [["id", "3"]]
  [1m[36m (0.1ms)[0m  [1mbegin transaction[0m
  [1m[35m (0.0ms)[0m  rollback transaction
Completed 500 Internal Server Error in 2ms

ActiveModel::ForbiddenAttributesError (ActiveModel::ForbiddenAttributesError):
  app/controllers/events_controller.rb:22:in `update'


  Rendered /Users/mac/.rvm/gems/ruby-2.0.0-p247/gems/actionpack-4.0.0/lib/action_dispatch/middleware/templates/rescues/_source.erb (0.7ms)
  Rendered /Users/mac/.rvm/gems/ruby-2.0.0-p247/gems/actionpack-4.0.0/lib/action_dispatch/middleware/templates/rescues/_trace.erb (1.0ms)
  Rendered /Users/mac/.rvm/gems/ruby-2.0.0-p247/gems/actionpack-4.0.0/lib/action_dispatch/middleware/templates/rescues/_request_and_response.erb (0.9ms)
  Rendered /Users/mac/.rvm/gems/ruby-2.0.0-p247/gems/actionpack-4.0.0/lib/action_dispatch/middleware/templates/rescues/diagnostics.erb within rescues/layout (15.9ms)


Started GET "/events" for 127.0.0.1 at 2013-07-05 15:01:12 +0800
Processing by EventsController#index as HTML
  [1m[36mEvent Load (0.2ms)[0m  [1mSELECT "events".* FROM "events"[0m
  Rendered events/index.html.erb within layouts/application (3.8ms)
Completed 200 OK in 10ms (Views: 9.1ms | ActiveRecord: 0.2ms)


Started GET "/events/2" for 127.0.0.1 at 2013-07-05 15:01:14 +0800
Processing by EventsController#show as HTML
  Parameters: {"id"=>"2"}
  [1m[35mEvent Load (0.1ms)[0m  SELECT "events".* FROM "events" WHERE "events"."id" = ? LIMIT 1  [["id", "2"]]
  Rendered events/show.html.erb within layouts/application (0.3ms)
Completed 200 OK in 6ms (Views: 4.9ms | ActiveRecord: 0.1ms)


Started GET "/events/2" for 127.0.0.1 at 2013-07-05 15:02:13 +0800
Processing by EventsController#show as HTML
  Parameters: {"id"=>"2"}
  [1m[36mEvent Load (0.1ms)[0m  [1mSELECT "events".* FROM "events" WHERE "events"."id" = ? LIMIT 1[0m  [["id", "2"]]
  Rendered events/show.html.erb within layouts/application (0.8ms)
Completed 200 OK in 6ms (Views: 4.7ms | ActiveRecord: 0.1ms)


Started GET "/assets/application.css?body=1" for 127.0.0.1 at 2013-07-05 15:02:13 +0800


Started GET "/assets/events.css?body=1" for 127.0.0.1 at 2013-07-05 15:02:13 +0800


Started GET "/assets/welcome.css?body=1" for 127.0.0.1 at 2013-07-05 15:02:13 +0800


Started GET "/assets/people.css?body=1" for 127.0.0.1 at 2013-07-05 15:02:13 +0800


Started GET "/assets/jquery_ujs.js?body=1" for 127.0.0.1 at 2013-07-05 15:02:13 +0800


Started GET "/assets/turbolinks.js?body=1" for 127.0.0.1 at 2013-07-05 15:02:13 +0800


Started GET "/assets/jquery.js?body=1" for 127.0.0.1 at 2013-07-05 15:02:13 +0800


Started GET "/assets/people.js?body=1" for 127.0.0.1 at 2013-07-05 15:02:13 +0800


Started GET "/assets/scaffolds.css?body=1" for 127.0.0.1 at 2013-07-05 15:02:13 +0800


Started GET "/assets/events.js?body=1" for 127.0.0.1 at 2013-07-05 15:02:13 +0800


Started GET "/assets/application.js?body=1" for 127.0.0.1 at 2013-07-05 15:02:13 +0800


Started GET "/assets/welcome.js?body=1" for 127.0.0.1 at 2013-07-05 15:02:13 +0800


Started GET "/events" for 127.0.0.1 at 2013-07-05 15:02:14 +0800
Processing by EventsController#index as HTML
  [1m[35mEvent Load (0.2ms)[0m  SELECT "events".* FROM "events"
  Rendered events/index.html.erb within layouts/application (3.1ms)
Completed 200 OK in 9ms (Views: 8.2ms | ActiveRecord: 0.2ms)


Started GET "/events/3" for 127.0.0.1 at 2013-07-05 15:02:18 +0800
Processing by EventsController#show as HTML
  Parameters: {"id"=>"3"}
  [1m[36mEvent Load (0.1ms)[0m  [1mSELECT "events".* FROM "events" WHERE "events"."id" = ? LIMIT 1[0m  [["id", "3"]]
  Rendered events/show.html.erb within layouts/application (0.3ms)
Completed 200 OK in 7ms (Views: 5.4ms | ActiveRecord: 0.1ms)


Started GET "/events/new" for 127.0.0.1 at 2013-07-05 15:02:21 +0800
Processing by EventsController#new as HTML
  Rendered events/new.html.erb within layouts/application (2.0ms)
Completed 200 OK in 8ms (Views: 7.2ms | ActiveRecord: 0.0ms)


Started POST "/events" for 127.0.0.1 at 2013-07-05 15:02:22 +0800
Processing by EventsController#create as HTML
  Parameters: {"utf8"=>"✓", "authenticity_token"=>"UtwhlvqrUxuyGFWTimf3G/iA3k50/qAUm3kZoH4+axI=", "event"=>{"name"=>"", "description"=>""}, "commit"=>"Create"}
Completed 500 Internal Server Error in 1ms

ActiveModel::ForbiddenAttributesError (ActiveModel::ForbiddenAttributesError):
  app/controllers/events_controller.rb:9:in `create'


  Rendered /Users/mac/.rvm/gems/ruby-2.0.0-p247/gems/actionpack-4.0.0/lib/action_dispatch/middleware/templates/rescues/_source.erb (0.5ms)
  Rendered /Users/mac/.rvm/gems/ruby-2.0.0-p247/gems/actionpack-4.0.0/lib/action_dispatch/middleware/templates/rescues/_trace.erb (0.9ms)
  Rendered /Users/mac/.rvm/gems/ruby-2.0.0-p247/gems/actionpack-4.0.0/lib/action_dispatch/middleware/templates/rescues/_request_and_response.erb (0.8ms)
  Rendered /Users/mac/.rvm/gems/ruby-2.0.0-p247/gems/actionpack-4.0.0/lib/action_dispatch/middleware/templates/rescues/diagnostics.erb within rescues/layout (12.2ms)


Started GET "/events" for 127.0.0.1 at 2013-07-05 15:02:34 +0800
Processing by EventsController#index as HTML
  [1m[35mEvent Load (0.2ms)[0m  SELECT "events".* FROM "events"
  Rendered events/index.html.erb within layouts/application (3.3ms)
Completed 200 OK in 9ms (Views: 8.0ms | ActiveRecord: 0.2ms)


Started GET "/events" for 127.0.0.1 at 2013-07-05 15:03:45 +0800

RuntimeError (You should not use the `match` method in your router without specifying an HTTP method.
If you want to expose your action to both GET and POST, add `via: [:get, :post]` option.
If you want to expose your action to GET, use `get` in the router:
  Instead of: match "controller#action"
  Do: get "controller#action"):
  config/routes.rb:14:in `block in <top (required)>'
  config/routes.rb:1:in `<top (required)>'


  Rendered /Users/mac/.rvm/gems/ruby-2.0.0-p247/gems/actionpack-4.0.0/lib/action_dispatch/middleware/templates/rescues/_source.erb (0.5ms)
  Rendered /Users/mac/.rvm/gems/ruby-2.0.0-p247/gems/actionpack-4.0.0/lib/action_dispatch/middleware/templates/rescues/_trace.erb (1.1ms)
  Rendered /Users/mac/.rvm/gems/ruby-2.0.0-p247/gems/actionpack-4.0.0/lib/action_dispatch/middleware/templates/rescues/_request_and_response.erb (26.0ms)
  Rendered /Users/mac/.rvm/gems/ruby-2.0.0-p247/gems/actionpack-4.0.0/lib/action_dispatch/middleware/templates/rescues/diagnostics.erb within rescues/layout (39.8ms)


Started GET "/events" for 127.0.0.1 at 2013-07-05 15:13:29 +0800

SyntaxError (/Users/mac/my_ror_projects/delta/app/controllers/events_controller.rb:26: syntax error, unexpected ':', expecting keyword_end
  		redirect_to event_url(@event) :action => :show, :id => @event
  		                               ^):
  activesupport (4.0.0) lib/active_support/dependencies.rb:423:in `load'
  activesupport (4.0.0) lib/active_support/dependencies.rb:423:in `block in load_file'
  activesupport (4.0.0) lib/active_support/dependencies.rb:615:in `new_constants_in'
  activesupport (4.0.0) lib/active_support/dependencies.rb:422:in `load_file'
  activesupport (4.0.0) lib/active_support/dependencies.rb:323:in `require_or_load'
  activesupport (4.0.0) lib/active_support/dependencies.rb:462:in `load_missing_constant'
  activesupport (4.0.0) lib/active_support/dependencies.rb:183:in `const_missing'
  activesupport (4.0.0) lib/active_support/inflector/methods.rb:226:in `const_get'
  activesupport (4.0.0) lib/active_support/inflector/methods.rb:226:in `block in constantize'
  activesupport (4.0.0) lib/active_support/inflector/methods.rb:224:in `each'
  activesupport (4.0.0) lib/active_support/inflector/methods.rb:224:in `inject'
  activesupport (4.0.0) lib/active_support/inflector/methods.rb:224:in `constantize'
  activesupport (4.0.0) lib/active_support/dependencies.rb:534:in `get'
  activesupport (4.0.0) lib/active_support/dependencies.rb:565:in `constantize'
  actionpack (4.0.0) lib/action_dispatch/routing/route_set.rb:76:in `controller_reference'
  actionpack (4.0.0) lib/action_dispatch/routing/route_set.rb:66:in `controller'
  actionpack (4.0.0) lib/action_dispatch/routing/route_set.rb:44:in `call'
  actionpack (4.0.0) lib/action_dispatch/journey/router.rb:71:in `block in call'
  actionpack (4.0.0) lib/action_dispatch/journey/router.rb:59:in `each'
  actionpack (4.0.0) lib/action_dispatch/journey/router.rb:59:in `call'
  actionpack (4.0.0) lib/action_dispatch/routing/route_set.rb:655:in `call'
  rack (1.5.2) lib/rack/etag.rb:23:in `call'
  rack (1.5.2) lib/rack/conditionalget.rb:25:in `call'
  rack (1.5.2) lib/rack/head.rb:11:in `call'
  actionpack (4.0.0) lib/action_dispatch/middleware/params_parser.rb:27:in `call'
  actionpack (4.0.0) lib/action_dispatch/middleware/flash.rb:241:in `call'
  rack (1.5.2) lib/rack/session/abstract/id.rb:225:in `context'
  rack (1.5.2) lib/rack/session/abstract/id.rb:220:in `call'
  actionpack (4.0.0) lib/action_dispatch/middleware/cookies.rb:486:in `call'
  activerecord (4.0.0) lib/active_record/query_cache.rb:36:in `call'
  activerecord (4.0.0) lib/active_record/connection_adapters/abstract/connection_pool.rb:626:in `call'
  activerecord (4.0.0) lib/active_record/migration.rb:369:in `call'
  actionpack (4.0.0) lib/action_dispatch/middleware/callbacks.rb:29:in `block in call'
  activesupport (4.0.0) lib/active_support/callbacks.rb:373:in `_run__1691676047813936604__call__callbacks'
  activesupport (4.0.0) lib/active_support/callbacks.rb:80:in `run_callbacks'
  actionpack (4.0.0) lib/action_dispatch/middleware/callbacks.rb:27:in `call'
  actionpack (4.0.0) lib/action_dispatch/middleware/reloader.rb:64:in `call'
  actionpack (4.0.0) lib/action_dispatch/middleware/remote_ip.rb:76:in `call'
  actionpack (4.0.0) lib/action_dispatch/middleware/debug_exceptions.rb:17:in `call'
  actionpack (4.0.0) lib/action_dispatch/middleware/show_exceptions.rb:30:in `call'
  railties (4.0.0) lib/rails/rack/logger.rb:38:in `call_app'
  railties (4.0.0) lib/rails/rack/logger.rb:21:in `block in call'
  activesupport (4.0.0) lib/active_support/tagged_logging.rb:67:in `block in tagged'
  activesupport (4.0.0) lib/active_support/tagged_logging.rb:25:in `tagged'
  activesupport (4.0.0) lib/active_support/tagged_logging.rb:67:in `tagged'
  railties (4.0.0) lib/rails/rack/logger.rb:21:in `call'
  actionpack (4.0.0) lib/action_dispatch/middleware/request_id.rb:21:in `call'
  rack (1.5.2) lib/rack/methodoverride.rb:21:in `call'
  rack (1.5.2) lib/rack/runtime.rb:17:in `call'
  activesupport (4.0.0) lib/active_support/cache/strategy/local_cache.rb:83:in `call'
  rack (1.5.2) lib/rack/lock.rb:17:in `call'
  actionpack (4.0.0) lib/action_dispatch/middleware/static.rb:64:in `call'
  railties (4.0.0) lib/rails/engine.rb:511:in `call'
  railties (4.0.0) lib/rails/application.rb:97:in `call'
  rack (1.5.2) lib/rack/lock.rb:17:in `call'
  rack (1.5.2) lib/rack/content_length.rb:14:in `call'
  rack (1.5.2) lib/rack/handler/webrick.rb:60:in `service'
  /Users/mac/.rvm/rubies/ruby-2.0.0-p247/lib/ruby/2.0.0/webrick/httpserver.rb:138:in `service'
  /Users/mac/.rvm/rubies/ruby-2.0.0-p247/lib/ruby/2.0.0/webrick/httpserver.rb:94:in `run'
  /Users/mac/.rvm/rubies/ruby-2.0.0-p247/lib/ruby/2.0.0/webrick/server.rb:295:in `block in start_thread'


  Rendered /Users/mac/.rvm/gems/ruby-2.0.0-p247/gems/actionpack-4.0.0/lib/action_dispatch/middleware/templates/rescues/_source.erb (0.5ms)
  Rendered /Users/mac/.rvm/gems/ruby-2.0.0-p247/gems/actionpack-4.0.0/lib/action_dispatch/middleware/templates/rescues/_trace.erb (1.5ms)
  Rendered /Users/mac/.rvm/gems/ruby-2.0.0-p247/gems/actionpack-4.0.0/lib/action_dispatch/middleware/templates/rescues/_request_and_response.erb (1.4ms)
  Rendered /Users/mac/.rvm/gems/ruby-2.0.0-p247/gems/actionpack-4.0.0/lib/action_dispatch/middleware/templates/rescues/diagnostics.erb within rescues/layout (18.1ms)


Started GET "/events" for 127.0.0.1 at 2013-07-05 15:14:05 +0800
Processing by EventsController#index as HTML
  [1m[36mEvent Load (0.1ms)[0m  [1mSELECT "events".* FROM "events"[0m
  Rendered events/index.html.erb within layouts/application (17.6ms)
Completed 200 OK in 24ms (Views: 21.0ms | ActiveRecord: 0.5ms)


Started GET "/assets/application.css?body=1" for 127.0.0.1 at 2013-07-05 15:14:06 +0800


Started GET "/assets/people.css?body=1" for 127.0.0.1 at 2013-07-05 15:14:06 +0800


Started GET "/assets/events.css?body=1" for 127.0.0.1 at 2013-07-05 15:14:06 +0800


Started GET "/assets/jquery_ujs.js?body=1" for 127.0.0.1 at 2013-07-05 15:14:06 +0800


Started GET "/assets/scaffolds.css?body=1" for 127.0.0.1 at 2013-07-05 15:14:06 +0800


Started GET "/assets/jquery.js?body=1" for 127.0.0.1 at 2013-07-05 15:14:06 +0800


Started GET "/assets/welcome.css?body=1" for 127.0.0.1 at 2013-07-05 15:14:06 +0800


Started GET "/assets/turbolinks.js?body=1" for 127.0.0.1 at 2013-07-05 15:14:06 +0800


Started GET "/assets/events.js?body=1" for 127.0.0.1 at 2013-07-05 15:14:06 +0800


Started GET "/assets/welcome.js?body=1" for 127.0.0.1 at 2013-07-05 15:14:06 +0800


Started GET "/assets/application.js?body=1" for 127.0.0.1 at 2013-07-05 15:14:06 +0800


Started GET "/assets/people.js?body=1" for 127.0.0.1 at 2013-07-05 15:14:06 +0800


Started DELETE "/events/1" for 127.0.0.1 at 2013-07-05 15:14:11 +0800
Processing by EventsController#destroy as HTML
  Parameters: {"authenticity_token"=>"UtwhlvqrUxuyGFWTimf3G/iA3k50/qAUm3kZoH4+axI=", "id"=>"1"}
  [1m[35mEvent Load (0.3ms)[0m  SELECT "events".* FROM "events" WHERE "events"."id" = ? LIMIT 1  [["id", "1"]]
  [1m[36m (0.1ms)[0m  [1mbegin transaction[0m
  [1m[35mSQL (85.1ms)[0m  DELETE FROM "events" WHERE "events"."id" = ?  [["id", 1]]
  [1m[36m (1.0ms)[0m  [1mcommit transaction[0m
Redirected to http://localhost:3000/events
Completed 302 Found in 90ms (ActiveRecord: 86.4ms)


Started GET "/events" for 127.0.0.1 at 2013-07-05 15:14:11 +0800
Processing by EventsController#index as HTML
  [1m[35mEvent Load (0.2ms)[0m  SELECT "events".* FROM "events"
  Rendered events/index.html.erb within layouts/application (1.7ms)
Completed 200 OK in 7ms (Views: 5.8ms | ActiveRecord: 0.2ms)


Started GET "/assets/application.css?body=1" for 127.0.0.1 at 2013-07-05 15:14:11 +0800


Started GET "/assets/people.css?body=1" for 127.0.0.1 at 2013-07-05 15:14:11 +0800


Started GET "/assets/events.css?body=1" for 127.0.0.1 at 2013-07-05 15:14:11 +0800


Started GET "/assets/jquery.js?body=1" for 127.0.0.1 at 2013-07-05 15:14:11 +0800


Started GET "/assets/welcome.css?body=1" for 127.0.0.1 at 2013-07-05 15:14:11 +0800


Started GET "/assets/scaffolds.css?body=1" for 127.0.0.1 at 2013-07-05 15:14:11 +0800


Started GET "/assets/jquery_ujs.js?body=1" for 127.0.0.1 at 2013-07-05 15:14:11 +0800


Started GET "/assets/turbolinks.js?body=1" for 127.0.0.1 at 2013-07-05 15:14:11 +0800


Started GET "/assets/events.js?body=1" for 127.0.0.1 at 2013-07-05 15:14:11 +0800


Started GET "/assets/people.js?body=1" for 127.0.0.1 at 2013-07-05 15:14:11 +0800


Started GET "/assets/application.js?body=1" for 127.0.0.1 at 2013-07-05 15:14:11 +0800


Started GET "/assets/welcome.js?body=1" for 127.0.0.1 at 2013-07-05 15:14:11 +0800


Started GET "/events/2/edit" for 127.0.0.1 at 2013-07-05 15:14:13 +0800
Processing by EventsController#edit as HTML
  Parameters: {"id"=>"2"}
  [1m[36mEvent Load (0.2ms)[0m  [1mSELECT "events".* FROM "events" WHERE "events"."id" = ? LIMIT 1[0m  [["id", "2"]]
  Rendered events/edit.html.erb within layouts/application (2.5ms)
Completed 200 OK in 9ms (Views: 7.7ms | ActiveRecord: 0.2ms)


Started PUT "/events/2" for 127.0.0.1 at 2013-07-05 15:14:14 +0800
Processing by EventsController#update as HTML
  Parameters: {"utf8"=>"✓", "authenticity_token"=>"UtwhlvqrUxuyGFWTimf3G/iA3k50/qAUm3kZoH4+axI=", "event"=>{"name"=>"another ruby course", "description"=>""}, "commit"=>"Update", "id"=>"2"}
  [1m[35mEvent Load (0.1ms)[0m  SELECT "events".* FROM "events" WHERE "events"."id" = ? LIMIT 1  [["id", "2"]]
  [1m[36m (0.1ms)[0m  [1mbegin transaction[0m
  [1m[35m (0.0ms)[0m  rollback transaction
Completed 500 Internal Server Error in 2ms

ActiveModel::ForbiddenAttributesError (ActiveModel::ForbiddenAttributesError):
  app/controllers/events_controller.rb:24:in `update'


  Rendered /Users/mac/.rvm/gems/ruby-2.0.0-p247/gems/actionpack-4.0.0/lib/action_dispatch/middleware/templates/rescues/_source.erb (0.5ms)
  Rendered /Users/mac/.rvm/gems/ruby-2.0.0-p247/gems/actionpack-4.0.0/lib/action_dispatch/middleware/templates/rescues/_trace.erb (0.9ms)
  Rendered /Users/mac/.rvm/gems/ruby-2.0.0-p247/gems/actionpack-4.0.0/lib/action_dispatch/middleware/templates/rescues/_request_and_response.erb (0.8ms)
  Rendered /Users/mac/.rvm/gems/ruby-2.0.0-p247/gems/actionpack-4.0.0/lib/action_dispatch/middleware/templates/rescues/diagnostics.erb within rescues/layout (11.7ms)


Started GET "/events" for 127.0.0.1 at 2013-07-05 15:14:25 +0800
Processing by EventsController#index as HTML
  [1m[36mEvent Load (0.2ms)[0m  [1mSELECT "events".* FROM "events"[0m
  Rendered events/index.html.erb within layouts/application (3.0ms)
Completed 200 OK in 10ms (Views: 9.1ms | ActiveRecord: 0.2ms)


Started GET "/events/new" for 127.0.0.1 at 2013-07-05 15:14:26 +0800
Processing by EventsController#new as HTML
  Rendered events/new.html.erb within layouts/application (1.9ms)
Completed 200 OK in 8ms (Views: 7.7ms | ActiveRecord: 0.0ms)


Started POST "/events" for 127.0.0.1 at 2013-07-05 15:14:27 +0800
Processing by EventsController#create as HTML
  Parameters: {"utf8"=>"✓", "authenticity_token"=>"UtwhlvqrUxuyGFWTimf3G/iA3k50/qAUm3kZoH4+axI=", "event"=>{"name"=>"", "description"=>""}, "commit"=>"Create"}
Completed 500 Internal Server Error in 1ms

ActiveModel::ForbiddenAttributesError (ActiveModel::ForbiddenAttributesError):
  app/controllers/events_controller.rb:9:in `create'


  Rendered /Users/mac/.rvm/gems/ruby-2.0.0-p247/gems/actionpack-4.0.0/lib/action_dispatch/middleware/templates/rescues/_source.erb (0.5ms)
  Rendered /Users/mac/.rvm/gems/ruby-2.0.0-p247/gems/actionpack-4.0.0/lib/action_dispatch/middleware/templates/rescues/_trace.erb (0.8ms)
  Rendered /Users/mac/.rvm/gems/ruby-2.0.0-p247/gems/actionpack-4.0.0/lib/action_dispatch/middleware/templates/rescues/_request_and_response.erb (0.7ms)
  Rendered /Users/mac/.rvm/gems/ruby-2.0.0-p247/gems/actionpack-4.0.0/lib/action_dispatch/middleware/templates/rescues/diagnostics.erb within rescues/layout (11.3ms)


Started GET "/events" for 127.0.0.1 at 2013-07-05 15:14:32 +0800
Processing by EventsController#index as HTML
  [1m[35mEvent Load (0.2ms)[0m  SELECT "events".* FROM "events"
  Rendered events/index.html.erb within layouts/application (2.3ms)
Completed 200 OK in 9ms (Views: 7.7ms | ActiveRecord: 0.2ms)
